<?xml version="1.0" encoding="UTF-8"?>
<!-- Generated by org.testng.reporters.JUnitXMLReporter -->
<testsuite hostname="MAC41G.local" ignored="0" name="Default test" tests="3" failures="0" timestamp="24 Oct 2018 16:18:03 GMT" time="57.462" errors="0">
  <testcase name="enterUserName" time="44.3" classname="MobileProgrammingLLC.WebFrameTests.GMail_Login"/>
  <testcase name="enterPassword" time="4.327" classname="MobileProgrammingLLC.WebFrameTests.GMail_Login"/>
  <testcase name="verifyErrorMesssage" time="1.07" classname="MobileProgrammingLLC.WebFrameTests.GMail_Login"/>
</testsuite> <!-- Default test -->
