<?xml version="1.0" encoding="UTF-8"?>
<!-- Generated by org.testng.reporters.JUnitXMLReporter -->
<testsuite hostname="MAC41G.local" ignored="0" name="Test1" tests="6" failures="0" timestamp="14 Dec 2018 23:57:14 GMT" time="73.248" errors="0">
  <testcase name="enterUserName" time="44.316" classname="MobileProgrammingLLC.WebFrameTests.GMail_Login"/>
  <testcase name="enterPassword" time="4.331" classname="MobileProgrammingLLC.WebFrameTests.GMail_Login"/>
  <testcase name="verifyErrorMesssage" time="1.114" classname="MobileProgrammingLLC.WebFrameTests.GMail_Login"/>
  <testcase name="rediff_enterUser" time="6.521" classname="MobileProgrammingLLC.WebFrameTests.Rediff_Login"/>
  <testcase name="rediff_enterUser" time="2.603" classname="MobileProgrammingLLC.WebFrameTests.Rediff_Login"/>
  <testcase name="rediff_enterUser" time="2.595" classname="MobileProgrammingLLC.WebFrameTests.Rediff_Login"/>
</testsuite> <!-- Test1 -->
