<?xml version="1.0" encoding="UTF-8"?>
<!-- Generated by org.testng.reporters.JUnitXMLReporter -->
<testsuite hostname="MAC09F.local" ignored="0" name="Test1" tests="6" failures="0" timestamp="22 Jan 2019 16:59:00 GMT" time="73.983" errors="0">
  <testcase name="enterUserName" time="44.072" classname="MobileProgrammingLLC.WebFrameTests.GMail_Login"/>
  <testcase name="enterPassword" time="4.321" classname="MobileProgrammingLLC.WebFrameTests.GMail_Login"/>
  <testcase name="verifyErrorMesssage" time="1.184" classname="MobileProgrammingLLC.WebFrameTests.GMail_Login"/>
  <testcase name="rediff_enterUser" time="6.715" classname="MobileProgrammingLLC.WebFrameTests.Rediff_Login"/>
  <testcase name="rediff_enterUser" time="3.583" classname="MobileProgrammingLLC.WebFrameTests.Rediff_Login"/>
  <testcase name="rediff_enterUser" time="2.904" classname="MobileProgrammingLLC.WebFrameTests.Rediff_Login"/>
</testsuite> <!-- Test1 -->
