<?xml version="1.0" encoding="UTF-8"?>
<!-- Generated by org.testng.reporters.JUnitXMLReporter -->
<testsuite hostname="MAC09F.local" ignored="0" name="Test1" tests="6" failures="0" timestamp="29 Jan 2019 23:23:28 GMT" time="64.838" errors="0">
  <testcase name="enterUserName" time="44.345" classname="MobileProgrammingLLC.WebFrameTests.GMail_Login"/>
  <testcase name="enterPassword" time="4.337" classname="MobileProgrammingLLC.WebFrameTests.GMail_Login"/>
  <testcase name="verifyErrorMesssage" time="1.137" classname="MobileProgrammingLLC.WebFrameTests.GMail_Login"/>
  <testcase name="rediff_enterUser" time="2.707" classname="MobileProgrammingLLC.WebFrameTests.Rediff_Login"/>
  <testcase name="rediff_enterUser" time="2.602" classname="MobileProgrammingLLC.WebFrameTests.Rediff_Login"/>
  <testcase name="rediff_enterUser" time="2.612" classname="MobileProgrammingLLC.WebFrameTests.Rediff_Login"/>
</testsuite> <!-- Test1 -->
