<?xml version="1.0" encoding="UTF-8"?>
<!-- Generated by org.testng.reporters.JUnitXMLReporter -->
<testsuite hostname="win011.a1technology.local" ignored="0" name="Test" tests="7" failures="0" timestamp="02 Oct 2018 20:41:11 GMT" time="19.293" errors="0">
  <testcase name="enterUserName" time="3.787" classname="MobileProgrammingLLC.WebFrameTests.GMail_Login"/>
  <testcase name="enterPassword" time="3.196" classname="MobileProgrammingLLC.WebFrameTests.GMail_Login"/>
  <testcase name="verifyErrorMesssage" time="1.0" classname="MobileProgrammingLLC.WebFrameTests.GMail_Login"/>
  <testcase name="rediff_enterUser" time="0.693" classname="MobileProgrammingLLC.WebFrameTests.Rediff_Login"/>
  <testcase name="rediff_enterPassword" time="0.602" classname="MobileProgrammingLLC.WebFrameTests.Rediff_Login"/>
  <testcase name="rediff_UncheckRememberBox" time="0.594" classname="MobileProgrammingLLC.WebFrameTests.Rediff_Login"/>
  <testcase name="rediff_ClickSubmitButton" time="1.002" classname="MobileProgrammingLLC.WebFrameTests.Rediff_Login"/>
</testsuite> <!-- Test -->
